<?xml version="1.0" encoding="UTF-8"?>
<beans xmlns="http://www.springframework.org/schema/beans"
       xmlns:xsi="http://www.w3.org/2001/XMLSchema-instance"
       xmlns:context="http://www.springframework.org/schema/context"
       xmlns:jdbc="http://www.springframework.org/schema/jdbc"

       xsi:schemaLocation="http://www.springframework.org/schema/beans http://www.springframework.org/schema/beans/spring-beans.xsd
        http://www.springframework.org/schema/context http://www.springframework.org/schema/context/spring-context.xsd
http://www.springframework.org/schema/jdbc
                     http://www.springframework.org/schema/jdbc/spring-jdbc-3.2.xsd">

    <!-- component scan -->
    <context:component-scan base-package="de.schmidtdennis.mysqlspring" />

    <!-- database info -->


    <jdbc:embedded-database id="dataSource" type="H2">
        <jdbc:script location="classpath:META-INF/schema.sql"/>
        <jdbc:script location="classpath:META-INF/test-data.sql"/>
    </jdbc:embedded-database>

    <bean class="org.mybatis.spring.SqlSessionFactoryBean" id="sqlSessionFactory">
        <property name="dataSource" ref="dataSource"/>
    </bean>

    <bean id="transactionManager" class="org.springframework.jdbc.datasource.DataSourceTransactionManager">
        <property name="dataSource" ref="dataSource"/>
    </bean>

    <!-- scan mappers for mybatis -->
    <bean class="org.mybatis.spring.mapper.MapperScannerConfigurer">
        <property name="basePackage" value="de.schmidtdennis.mysqlspring.mapper" />
    </bean>

</beans>